生成启动时间为 2015/4/10 星期五 下午 22:53:16。
     1>项目“F:\C++\QQbomb\QQbomb\QQbomb.vcxproj”在节点 2 上(Build 个目标)。
     1>ClCompile:
         E:\vs2013\VC\bin\CL.exe /c /ZI /nologo /W3 /WX- /sdl /Od /Oy- /D WIN32 /D _WINDOWS /D _DEBUG /D _UNICODE /D UNICODE /D _AFXDLL /Gm /EHsc /RTC1 /MDd /GS /fp:precise /Zc:wchar_t /Zc:forScope /Yu"stdafx.h" /Fp"Debug\QQbomb.pch" /Fo"Debug\\" /Fd"Debug\vc120.pdb" /Gd /TP /analyze- /errorReport:prompt QQbomb.cpp QQbombDlg.cpp
         QQbomb.cpp
         正在生成代码...
         正在编译...
         QQbombDlg.cpp
         正在生成代码...
       ResourceCompile:
         C:\Program Files (x86)\Windows Kits\8.1\bin\x86\rc.exe /D _DEBUG /D _UNICODE /D UNICODE /D _AFXDLL /l"0x0804" /IDebug\ /nologo /fo"Debug\QQbomb.res" QQbomb.rc 
       Link:
         E:\vs2013\VC\bin\link.exe /ERRORREPORT:PROMPT /OUT:"F:\C++\QQbomb\Debug\QQbomb.exe" /INCREMENTAL /NOLOGO /MANIFEST /MANIFESTUAC:"level='asInvoker' uiAccess='false'" /manifest:embed /manifestinput:E:\vs2013\VC\Include\Manifest\dpiaware.manifest /DEBUG /PDB:"F:\C++\QQbomb\Debug\QQbomb.pdb" /SUBSYSTEM:WINDOWS /TLBID:1 /ENTRY:"wWinMainCRTStartup" /DYNAMICBASE /NXCOMPAT /IMPLIB:"F:\C++\QQbomb\Debug\QQbomb.lib" /MACHINE:X86 Debug\QQbomb.res
         Debug\QQbomb.obj
         Debug\QQbombDlg.obj
         Debug\stdafx.obj
         QQbomb.vcxproj -> F:\C++\QQbomb\Debug\QQbomb.exe
     1>已完成生成项目“F:\C++\QQbomb\QQbomb\QQbomb.vcxproj”(Build 个目标)的操作。

生成成功。

已用时间 00:00:01.18
